<?xml version="1.0" encoding="UTF-8"?>
<!-- Generated by org.testng.reporters.JUnitReportReporter -->
<testsuite hostname="LAPTOP-NR97T0JF" failures="0" tests="1" name="com.test.registertest" time="9.306" errors="0" timestamp="2024-02-08T19:49:38 IST" skipped="0">
  <testcase classname="com.test.registertest" name="f" time="9.306"/>
  <system-out/>
</testsuite> <!-- com.test.registertest -->
