<?xml version="1.0" encoding="UTF-8"?>
<!-- Generated by org.testng.reporters.JUnitReportReporter -->
<testsuite hostname="LAPTOP-NR97T0JF" failures="0" tests="1" name="com.test.logintest" time="6.285" errors="0" timestamp="2024-02-08T19:51:36 IST" skipped="0">
  <testcase classname="com.test.logintest" name="facebook" time="6.285"/>
  <system-out/>
</testsuite> <!-- com.test.logintest -->
