<?xml version="1.0" encoding="UTF-8"?>
<!-- Generated by org.testng.reporters.JUnitReportReporter -->
<testsuite hostname="DESKTOP-6RCN4TN" failures="0" tests="2" name="com.capstone.AadharRegister" time="9.967" errors="0" timestamp="2022-10-14T00:46:25 IST" skipped="0">
  <testcase classname="com.capstone.AadharRegister" name="TestHome" time="8.369"/>
  <system-out/>
  <testcase classname="com.capstone.AadharRegister" name="ChromeBrowser" time="1.598"/>
  <system-out/>
</testsuite> <!-- com.capstone.AadharRegister -->
